------------------------------------------------------------------------------------------------------------------------

[2022-10-08 12:05:26 #1 store] 
Database 'C:\Users\aitor\git\BetCompleted22\src\main\resources\bets.temp' has been recovered (tr. 1-17)

[2022-10-08 12:05:27 #2 store] 
Database 'C:\Users\aitor\git\BetCompleted22\src\main\resources\bets.temp' is opened by 14664@LAPTOP-EEMFMGFO

[2022-10-08 12:05:27 #3 type] 
Type domain.Team is not enhanced.

[2022-10-08 12:05:27 #4 type] 
Type domain.Event is not enhanced.

[2022-10-08 12:05:27 #5 type] 
Type domain.User is not enhanced.

[2022-10-08 12:05:27 #6 type] 
Type domain.Registered is not enhanced.

[2022-10-08 12:05:27 #7 type] 
Type domain.Sport is not enhanced.

[2022-10-08 12:05:27 #8 type] 
Type domain.Question is not enhanced.

[2022-10-08 12:05:27 #9 type] 
Type domain.Elkarrizketa is not enhanced.

[2022-10-08 12:05:27 #10 type] 
Type domain.Message is not enhanced.

[2022-10-08 12:05:27 #11 type] 
Type domain.KirolEstatistikak is not enhanced.

[2022-10-08 12:05:27 #12 type] 
Type domain.Jarraitzailea is not enhanced.

[2022-10-08 12:05:27 #13 type] 
Type domain.ApustuAnitza is not enhanced.

[2022-10-08 12:05:27 #14 type] 
Type domain.Transaction is not enhanced.

[2022-10-08 12:05:27 #15 type] 
Type domain.Quote is not enhanced.

[2022-10-08 12:05:27 #16 type] 
Type domain.Apustua is not enhanced.

[2022-10-08 12:05:27 #17 type] 
Type domain.Admin is not enhanced.

